
------------------------------------
  Logging start.  ## CURRENT TIME  : [1/6, 2012   12:1  25.410]  ## COMMAND LINE  : 
cmd /C "gen_csini.exe"
------------------------------------
[STD-IN] : D:\WorkSpace\yazanamu-atolic-workspace-stm32f4-discovery\.metadata\.plugins\sst.csgp\bin\env_vars.txt
GUI is waiting for subprocess to be done...
Execution done. EXIT CODE = 0
  Logging finished.  ## CURRENT TIME  : [1/6, 2012   12:1  29.196]
------------------------------------

------------------------------------
  Logging start.  ## CURRENT TIME  : [1/6, 2012   12:17  41.159]  ## COMMAND LINE  : 
cmd /C "gen_csini.exe"
------------------------------------
[STD-IN] : D:\WorkSpace\yazanamu-atolic-workspace-stm32f4-discovery\.metadata\.plugins\sst.csgp\bin\env_vars.txt
GUI is waiting for subprocess to be done...
Execution done. EXIT CODE = 0
  Logging finished.  ## CURRENT TIME  : [1/6, 2012   12:17  45.55]
------------------------------------

------------------------------------
  Logging start.  ## CURRENT TIME  : [1/6, 2012   12:29  38.588]  ## COMMAND LINE  : 
cmd /C "gen_csini.exe"
------------------------------------
[STD-IN] : D:\WorkSpace\yazanamu-atolic-workspace-stm32f4-discovery\.metadata\.plugins\sst.csgp\bin\env_vars.txt
GUI is waiting for subprocess to be done...
Execution done. EXIT CODE = 0
  Logging finished.  ## CURRENT TIME  : [1/6, 2012   12:29  41.754]
------------------------------------

------------------------------------
  Logging start.  ## CURRENT TIME  : [1/6, 2012   13:29  47.179]  ## COMMAND LINE  : 
cmd /C "gen_csini.exe"
------------------------------------
[STD-IN] : D:\WorkSpace\yazanamu-atolic-workspace-stm32f4-discovery\.metadata\.plugins\sst.csgp\bin\env_vars.txt
GUI is waiting for subprocess to be done...
Execution done. EXIT CODE = 0
  Logging finished.  ## CURRENT TIME  : [1/6, 2012   13:29  50.311]
------------------------------------

------------------------------------
  Logging start.  ## CURRENT TIME  : [1/6, 2012   14:25  18.993]  ## COMMAND LINE  : 
cmd /C "gen_csini.exe"
------------------------------------
[STD-IN] : D:\WorkSpace\yazanamu-atolic-workspace-stm32f4-discovery\.metadata\.plugins\sst.csgp\bin\env_vars.txt
GUI is waiting for subprocess to be done...
Execution done. EXIT CODE = 0
  Logging finished.  ## CURRENT TIME  : [1/6, 2012   14:25  21.955]
------------------------------------
